Copyright 1986-2022 Xilinx, Inc. All Rights Reserved. Copyright 2022-2023 Advanced Micro Devices, Inc. All Rights Reserved.
---------------------------------------------------------------------------------------------------------------------------------------------
| Tool Version : Vivado v.2023.2 (win64) Build 4029153 Fri Oct 13 20:14:34 MDT 2023
| Date         : Mon Feb 17 15:22:04 2025
| Host         : LAPTOP-MBJHTN7L running 64-bit major release  (build 9200)
| Command      : report_control_sets -verbose -file design_1_wrapper_control_sets_placed.rpt
| Design       : design_1_wrapper
| Device       : xck26
---------------------------------------------------------------------------------------------------------------------------------------------

Control Set Information

Table of Contents
-----------------
1. Summary
2. Histogram
3. Flip-Flop Distribution
4. Detailed Control Set Information

1. Summary
----------

+----------------------------------------------------------+-------+
|                          Status                          | Count |
+----------------------------------------------------------+-------+
| Total control sets                                       |   141 |
|    Minimum number of control sets                        |   140 |
|    Addition due to synthesis replication                 |     1 |
|    Addition due to physical synthesis replication        |     0 |
| Unused register locations in slices containing registers |   159 |
+----------------------------------------------------------+-------+
* Control sets can be merged at opt_design using control_set_merge or merge_equivalent_drivers
** Run report_qor_suggestions for automated merging and remapping suggestions


2. Histogram
------------

+--------------------+-------+
|       Fanout       | Count |
+--------------------+-------+
| Total control sets |   141 |
| >= 0 to < 4        |    26 |
| >= 4 to < 6        |    30 |
| >= 6 to < 8        |     9 |
| >= 8 to < 10       |     7 |
| >= 10 to < 12      |     2 |
| >= 12 to < 14      |     1 |
| >= 14 to < 16      |     2 |
| >= 16              |    64 |
+--------------------+-------+
* Control sets can be remapped at either synth_design or opt_design


3. Flip-Flop Distribution
-------------------------

+--------------+-----------------------+------------------------+-----------------+--------------+
| Clock Enable | Synchronous Set/Reset | Asynchronous Set/Reset | Total Registers | Total Slices |
+--------------+-----------------------+------------------------+-----------------+--------------+
| No           | No                    | No                     |             156 |           58 |
| No           | No                    | Yes                    |               0 |            0 |
| No           | Yes                   | No                     |             241 |           91 |
| Yes          | No                    | No                     |             686 |          101 |
| Yes          | No                    | Yes                    |               0 |            0 |
| Yes          | Yes                   | No                     |             966 |          205 |
+--------------+-----------------------+------------------------+-----------------+--------------+


4. Detailed Control Set Information
-----------------------------------

+--------------------------------------------+------------------------------------------------------------------------------------------------------------------------------------------------------------------------------------------------------------+-----------------------------------------------------------------------------------------------------------------------------------------------------------------------------------+------------------+----------------+--------------+
|                Clock Signal                |                                                                                                Enable Signal                                                                                               |                                                                                  Set/Reset Signal                                                                                 | Slice Load Count | Bel Load Count | Bels / Slice |
+--------------------------------------------+------------------------------------------------------------------------------------------------------------------------------------------------------------------------------------------------------------+-----------------------------------------------------------------------------------------------------------------------------------------------------------------------------------+------------------+----------------+--------------+
|  design_1_i/zynq_ultra_ps_e_0/inst/pl_clk0 | design_1_i/ps8_0_axi_periph/xbar/inst/gen_samd.crossbar_samd/gen_master_slots[2].reg_slice_mi/r.r_pipe/p_1_in_0                                                                                            | design_1_i/ps8_0_axi_periph/xbar/inst/gen_samd.crossbar_samd/gen_master_slots[2].reg_slice_mi/r.r_pipe/m_payload_i[31]_i_1__1_n_0                                                 |                1 |              1 |         1.00 |
|  design_1_i/zynq_ultra_ps_e_0/inst/pl_clk0 | design_1_i/ps8_0_axi_periph/m00_couplers/auto_pc/inst/gen_axilite.gen_b2s_conv.axilite_b2s/WR.b_channel_0/bresp_fifo_0/E[0]                                                                                | design_1_i/ps8_0_axi_periph/m00_couplers/auto_pc/inst/gen_axilite.gen_b2s_conv.axilite_b2s/WR.b_channel_0/bid_fifo_0/SR[0]                                                        |                1 |              1 |         1.00 |
|  design_1_i/zynq_ultra_ps_e_0/inst/pl_clk0 | design_1_i/ps8_0_axi_periph/m00_couplers/auto_pc/inst/gen_axilite.gen_b2s_conv.axilite_b2s/WR.b_channel_0/bid_fifo_0/bresp_push                                                                            |                                                                                                                                                                                   |                1 |              1 |         1.00 |
|  design_1_i/zynq_ultra_ps_e_0/inst/pl_clk0 |                                                                                                                                                                                                            | design_1_i/ps8_0_axi_periph/xbar/inst/gen_samd.crossbar_samd/addr_arbiter_aw/aresetn_d_reg[0]                                                                                     |                1 |              2 |         2.00 |
|  design_1_i/zynq_ultra_ps_e_0/inst/pl_clk0 | design_1_i/axi_fifo_mm_s_0/U0/gaxif.COMP_AXI4/axi_wr_fsm/axi_wr_fsm/FSM_sequential_gaxi_full_sm.present_state_reg[0]_1[0]                                                                                  | design_1_i/axi_fifo_mm_s_0/U0/COMP_IPIC2AXI_S/gtxd.COMP_TXD_FIFO/gfifo_gen.COMP_AXIS_FG_FIFO/sync_areset_n_reg_0[0]                                                               |                1 |              2 |         2.00 |
|  design_1_i/zynq_ultra_ps_e_0/inst/pl_clk0 |                                                                                                                                                                                                            | design_1_i/ps8_0_axi_periph/xbar/inst/gen_samd.crossbar_samd/gen_slave_slots[0].gen_si_write.splitter_aw_si/m_ready_d[1]_i_1_n_0                                                  |                2 |              2 |         1.00 |
|  design_1_i/zynq_ultra_ps_e_0/inst/pl_clk0 | design_1_i/axi_fifo_mm_s_0/U0/COMP_IPIC2AXI_S/grxd.COMP_RX_FIFO/gfifo_gen.COMP_AXIS_FG_FIFO/COMP_FIFO/xpm_fifo_base_inst/gen_fwft.rdpp1_inst/gen_fwft.count_en                                             | design_1_i/axi_fifo_mm_s_0/U0/COMP_IPIC2AXI_S/grxd.COMP_RX_FIFO/gfifo_gen.COMP_AXIS_FG_FIFO/COMP_FIFO/xpm_fifo_base_inst/xpm_fifo_rst_inst/SR[0]                                  |                1 |              2 |         2.00 |
|  design_1_i/zynq_ultra_ps_e_0/inst/pl_clk0 | design_1_i/ps8_0_axi_periph/m00_couplers/auto_pc/inst/gen_axilite.gen_b2s_conv.axilite_b2s/WR.b_channel_0/bid_fifo_0/cnt_read[1]_i_1_n_0                                                                   | design_1_i/ps8_0_axi_periph/m00_couplers/auto_pc/inst/gen_axilite.gen_b2s_conv.axilite_b2s/areset_d1                                                                              |                1 |              2 |         2.00 |
|  design_1_i/zynq_ultra_ps_e_0/inst/pl_clk0 | design_1_i/axi_fifo_mm_s_0/U0/COMP_IPIC2AXI_S/gtxd.COMP_TXD_FIFO/gfifo_gen.COMP_AXIS_FG_FIFO/COMP_FIFO/xpm_fifo_base_inst/gen_fwft.rdpp1_inst/gen_fwft.count_en                                            | design_1_i/axi_fifo_mm_s_0/U0/COMP_IPIC2AXI_S/gtxd.COMP_TXD_FIFO/gfifo_gen.COMP_AXIS_FG_FIFO/COMP_FIFO/xpm_fifo_base_inst/xpm_fifo_rst_inst/SR[0]                                 |                1 |              2 |         2.00 |
|  design_1_i/zynq_ultra_ps_e_0/inst/pl_clk0 | design_1_i/ps8_0_axi_periph/m00_couplers/auto_pc/inst/gen_axilite.gen_b2s_conv.axilite_b2s/WR.b_channel_0/bid_fifo_0/E[0]                                                                                  | design_1_i/ps8_0_axi_periph/m00_couplers/auto_pc/inst/gen_axilite.gen_b2s_conv.axilite_b2s/areset_d1                                                                              |                1 |              2 |         2.00 |
|  design_1_i/zynq_ultra_ps_e_0/inst/pl_clk0 | design_1_i/ps8_0_axi_periph/xbar/inst/gen_samd.crossbar_samd/gen_slave_slots[0].gen_si_write.wdata_router_w/wrouter_aw_fifo/load_s1                                                                        |                                                                                                                                                                                   |                1 |              2 |         2.00 |
|  design_1_i/zynq_ultra_ps_e_0/inst/pl_clk0 | design_1_i/ps8_0_axi_periph/xbar/inst/gen_samd.crossbar_samd/gen_slave_slots[0].gen_si_write.wdata_router_w/wrouter_aw_fifo/gen_srls[0].gen_rep[1].srl_nx1/push                                            |                                                                                                                                                                                   |                1 |              2 |         2.00 |
|  design_1_i/zynq_ultra_ps_e_0/inst/pl_clk0 |                                                                                                                                                                                                            | design_1_i/axi_fifo_mm_s_0/U0/COMP_IPIC2AXI_S/grxd.COMP_RX_FIFO/gfifo_gen.COMP_AXIS_FG_FIFO/COMP_FIFO/xpm_fifo_base_inst/xpm_fifo_rst_inst/rst_i                                  |                2 |              3 |         1.50 |
|  design_1_i/zynq_ultra_ps_e_0/inst/pl_clk0 | design_1_i/axi_fifo_mm_s_0/U0/gaxif.COMP_AXI4/axi_wr_fsm/axi_wr_fsm/E[0]                                                                                                                                   | design_1_i/axi_fifo_mm_s_0/U0/COMP_IPIC2AXI_S/gtxd.COMP_TXD_FIFO/gfifo_gen.COMP_AXIS_FG_FIFO/sync_areset_n_reg_0[0]                                                               |                1 |              3 |         3.00 |
|  design_1_i/zynq_ultra_ps_e_0/inst/pl_clk0 | design_1_i/ps8_0_axi_periph/xbar/inst/gen_samd.crossbar_samd/gen_slave_slots[0].gen_si_write.si_transactor_aw/gen_multi_thread.arbiter_resp_inst/need_arbitration                                          | design_1_i/ps8_0_axi_periph/xbar/inst/gen_samd.crossbar_samd/aresetn_d                                                                                                            |                2 |              3 |         1.50 |
|  design_1_i/zynq_ultra_ps_e_0/inst/pl_clk0 | design_1_i/ps8_0_axi_periph/xbar/inst/gen_samd.crossbar_samd/gen_slave_slots[0].gen_si_read.si_transactor_ar/gen_multi_thread.arbiter_resp_inst/last_rr_hot                                                | design_1_i/ps8_0_axi_periph/xbar/inst/gen_samd.crossbar_samd/aresetn_d                                                                                                            |                1 |              3 |         3.00 |
|  design_1_i/zynq_ultra_ps_e_0/inst/pl_clk0 |                                                                                                                                                                                                            | design_1_i/axi_fifo_mm_s_0/U0/COMP_IPIC2AXI_S/grxd.sig_rxd_rd_data[32]_i_1_n_0                                                                                                    |                2 |              3 |         1.50 |
|  design_1_i/zynq_ultra_ps_e_0/inst/pl_clk0 |                                                                                                                                                                                                            | design_1_i/axi_fifo_mm_s_0/U0/COMP_IPIC2AXI_S/grxd.COMP_rx_len_fifo/xpm_fifo_base_inst/xpm_fifo_rst_inst/rst_i                                                                    |                1 |              3 |         3.00 |
|  design_1_i/zynq_ultra_ps_e_0/inst/pl_clk0 | design_1_i/ps8_0_axi_periph/xbar/inst/gen_samd.crossbar_samd/gen_slave_slots[0].gen_si_write.wdata_router_w/wrouter_aw_fifo/gen_rep[0].fifoaddr[2]_i_1_n_0                                                 | design_1_i/ps8_0_axi_periph/xbar/inst/gen_samd.crossbar_samd/aresetn_d                                                                                                            |                1 |              3 |         3.00 |
|  design_1_i/zynq_ultra_ps_e_0/inst/pl_clk0 | design_1_i/ps8_0_axi_periph/xbar/inst/gen_samd.crossbar_samd/gen_decerr_slave.decerr_slave_inst/FSM_onehot_gen_axi.write_cs[2]_i_1_n_0                                                                     | design_1_i/ps8_0_axi_periph/xbar/inst/gen_samd.crossbar_samd/aresetn_d                                                                                                            |                1 |              3 |         3.00 |
|  design_1_i/zynq_ultra_ps_e_0/inst/pl_clk0 |                                                                                                                                                                                                            | design_1_i/axi_fifo_mm_s_0/U0/COMP_IPIC2AXI_S/gtxd.COMP_TXD_FIFO/gfifo_gen.COMP_AXIS_FG_FIFO/COMP_FIFO/xpm_fifo_base_inst/xpm_fifo_rst_inst/rst_i                                 |                1 |              3 |         3.00 |
|  design_1_i/zynq_ultra_ps_e_0/inst/pl_clk0 | design_1_i/ps8_0_axi_periph/xbar/inst/gen_samd.crossbar_samd/gen_slave_slots[0].gen_si_read.si_transactor_ar/gen_multi_thread.arbiter_resp_inst/need_arbitration                                           | design_1_i/ps8_0_axi_periph/xbar/inst/gen_samd.crossbar_samd/aresetn_d                                                                                                            |                1 |              3 |         3.00 |
|  design_1_i/zynq_ultra_ps_e_0/inst/pl_clk0 | design_1_i/ps8_0_axi_periph/xbar/inst/gen_samd.crossbar_samd/addr_arbiter_aw/gen_no_arbiter.m_target_hot_i[2]_i_1__0_n_0                                                                                   |                                                                                                                                                                                   |                1 |              3 |         3.00 |
|  design_1_i/zynq_ultra_ps_e_0/inst/pl_clk0 | design_1_i/ps8_0_axi_periph/xbar/inst/gen_samd.crossbar_samd/addr_arbiter_ar/gen_no_arbiter.m_target_hot_i[2]_i_1_n_0                                                                                      |                                                                                                                                                                                   |                1 |              3 |         3.00 |
|  design_1_i/zynq_ultra_ps_e_0/inst/pl_clk0 | design_1_i/ps8_0_axi_periph/xbar/inst/gen_samd.crossbar_samd/gen_slave_slots[0].gen_si_write.si_transactor_aw/gen_multi_thread.arbiter_resp_inst/last_rr_hot                                               | design_1_i/ps8_0_axi_periph/xbar/inst/gen_samd.crossbar_samd/aresetn_d                                                                                                            |                1 |              3 |         3.00 |
|  design_1_i/zynq_ultra_ps_e_0/inst/pl_clk0 | design_1_i/axi_fifo_mm_s_0/U0/gaxif.COMP_AXI4/axi_rd_sm/axi_read_fsm/gaxi_full_sm.r_last_r0                                                                                                                | design_1_i/axi_fifo_mm_s_0/U0/COMP_IPIC2AXI_S/gtxd.COMP_TXD_FIFO/gfifo_gen.COMP_AXIS_FG_FIFO/sync_areset_n_reg_0[0]                                                               |                2 |              3 |         1.50 |
|  design_1_i/zynq_ultra_ps_e_0/inst/pl_clk0 |                                                                                                                                                                                                            | design_1_i/ps8_0_axi_periph/m00_couplers/auto_pc/inst/gen_axilite.gen_b2s_conv.axilite_b2s/SI_REG/aw.aw_pipe/aresetn_d_reg[0]_1                                                   |                2 |              4 |         2.00 |
|  design_1_i/zynq_ultra_ps_e_0/inst/pl_clk0 |                                                                                                                                                                                                            | design_1_i/ps8_0_axi_periph/m00_couplers/auto_pc/inst/gen_axilite.gen_b2s_conv.axilite_b2s/SI_REG/ar.ar_pipe/aresetn_d_reg_n_0_[1]                                                |                2 |              4 |         2.00 |
|  design_1_i/zynq_ultra_ps_e_0/inst/pl_clk0 | design_1_i/ps8_0_axi_periph/xbar/inst/gen_samd.crossbar_samd/gen_slave_slots[0].gen_si_read.si_transactor_ar/gen_multi_thread.arbiter_resp_inst/gen_no_arbiter.s_ready_i_reg[0]_2[0]                       | design_1_i/ps8_0_axi_periph/xbar/inst/gen_samd.crossbar_samd/aresetn_d                                                                                                            |                2 |              4 |         2.00 |
|  design_1_i/zynq_ultra_ps_e_0/inst/pl_clk0 | design_1_i/ps8_0_axi_periph/xbar/inst/gen_samd.crossbar_samd/gen_slave_slots[0].gen_si_read.si_transactor_ar/gen_multi_thread.arbiter_resp_inst/E[0]                                                       | design_1_i/ps8_0_axi_periph/xbar/inst/gen_samd.crossbar_samd/aresetn_d                                                                                                            |                1 |              4 |         4.00 |
|  design_1_i/zynq_ultra_ps_e_0/inst/pl_clk0 | design_1_i/ps8_0_axi_periph/xbar/inst/gen_samd.crossbar_samd/gen_slave_slots[0].gen_si_read.si_transactor_ar/gen_multi_thread.arbiter_resp_inst/gen_no_arbiter.s_ready_i_reg[0][0]                         | design_1_i/ps8_0_axi_periph/xbar/inst/gen_samd.crossbar_samd/aresetn_d                                                                                                            |                2 |              4 |         2.00 |
|  design_1_i/zynq_ultra_ps_e_0/inst/pl_clk0 |                                                                                                                                                                                                            | design_1_i/rst_ps8_0_99M/U0/EXT_LPF/lpf_int                                                                                                                                       |                1 |              4 |         4.00 |
|  design_1_i/zynq_ultra_ps_e_0/inst/pl_clk0 | design_1_i/ps8_0_axi_periph/xbar/inst/gen_samd.crossbar_samd/gen_slave_slots[0].gen_si_write.wdata_router_w/wrouter_aw_fifo/m_valid_i                                                                      | design_1_i/ps8_0_axi_periph/xbar/inst/gen_samd.crossbar_samd/gen_slave_slots[0].gen_si_write.wdata_router_w/wrouter_aw_fifo/areset_d1                                             |                1 |              4 |         4.00 |
|  design_1_i/zynq_ultra_ps_e_0/inst/pl_clk0 | design_1_i/ps8_0_axi_periph/xbar/inst/gen_samd.crossbar_samd/gen_slave_slots[0].gen_si_write.si_transactor_aw/gen_multi_thread.arbiter_resp_inst/gen_multi_thread.gen_thread_loop[5].active_cnt_reg[43][0] | design_1_i/ps8_0_axi_periph/xbar/inst/gen_samd.crossbar_samd/aresetn_d                                                                                                            |                1 |              4 |         4.00 |
|  design_1_i/zynq_ultra_ps_e_0/inst/pl_clk0 | design_1_i/ps8_0_axi_periph/xbar/inst/gen_samd.crossbar_samd/gen_slave_slots[0].gen_si_write.si_transactor_aw/gen_multi_thread.arbiter_resp_inst/gen_multi_thread.gen_thread_loop[7].active_cnt_reg[59][0] | design_1_i/ps8_0_axi_periph/xbar/inst/gen_samd.crossbar_samd/aresetn_d                                                                                                            |                2 |              4 |         2.00 |
|  design_1_i/zynq_ultra_ps_e_0/inst/pl_clk0 | design_1_i/ps8_0_axi_periph/xbar/inst/gen_samd.crossbar_samd/gen_slave_slots[0].gen_si_write.si_transactor_aw/gen_multi_thread.arbiter_resp_inst/gen_multi_thread.gen_thread_loop[6].active_cnt_reg[51][0] | design_1_i/ps8_0_axi_periph/xbar/inst/gen_samd.crossbar_samd/aresetn_d                                                                                                            |                2 |              4 |         2.00 |
|  design_1_i/zynq_ultra_ps_e_0/inst/pl_clk0 | design_1_i/ps8_0_axi_periph/xbar/inst/gen_samd.crossbar_samd/gen_slave_slots[0].gen_si_write.si_transactor_aw/gen_multi_thread.arbiter_resp_inst/gen_multi_thread.gen_thread_loop[2].active_cnt_reg[19][0] | design_1_i/ps8_0_axi_periph/xbar/inst/gen_samd.crossbar_samd/aresetn_d                                                                                                            |                1 |              4 |         4.00 |
|  design_1_i/zynq_ultra_ps_e_0/inst/pl_clk0 | design_1_i/ps8_0_axi_periph/xbar/inst/gen_samd.crossbar_samd/gen_slave_slots[0].gen_si_write.si_transactor_aw/gen_multi_thread.arbiter_resp_inst/gen_multi_thread.gen_thread_loop[4].active_cnt_reg[35][0] | design_1_i/ps8_0_axi_periph/xbar/inst/gen_samd.crossbar_samd/aresetn_d                                                                                                            |                2 |              4 |         2.00 |
|  design_1_i/zynq_ultra_ps_e_0/inst/pl_clk0 | design_1_i/ps8_0_axi_periph/xbar/inst/gen_samd.crossbar_samd/gen_slave_slots[0].gen_si_write.si_transactor_aw/gen_multi_thread.arbiter_resp_inst/gen_multi_thread.gen_thread_loop[1].active_cnt_reg[11][0] | design_1_i/ps8_0_axi_periph/xbar/inst/gen_samd.crossbar_samd/aresetn_d                                                                                                            |                1 |              4 |         4.00 |
|  design_1_i/zynq_ultra_ps_e_0/inst/pl_clk0 | design_1_i/ps8_0_axi_periph/xbar/inst/gen_samd.crossbar_samd/gen_slave_slots[0].gen_si_write.si_transactor_aw/gen_multi_thread.arbiter_resp_inst/gen_multi_thread.gen_thread_loop[3].active_cnt_reg[27][0] | design_1_i/ps8_0_axi_periph/xbar/inst/gen_samd.crossbar_samd/aresetn_d                                                                                                            |                2 |              4 |         2.00 |
|  design_1_i/zynq_ultra_ps_e_0/inst/pl_clk0 | design_1_i/ps8_0_axi_periph/xbar/inst/gen_samd.crossbar_samd/gen_slave_slots[0].gen_si_write.si_transactor_aw/gen_multi_thread.arbiter_resp_inst/gen_multi_thread.gen_thread_loop[0].active_cnt_reg[3][0]  | design_1_i/ps8_0_axi_periph/xbar/inst/gen_samd.crossbar_samd/aresetn_d                                                                                                            |                2 |              4 |         2.00 |
|  design_1_i/zynq_ultra_ps_e_0/inst/pl_clk0 | design_1_i/ps8_0_axi_periph/xbar/inst/gen_samd.crossbar_samd/addr_arbiter_aw/gen_master_slots[1].w_issuing_cnt_reg[10][0]                                                                                  | design_1_i/ps8_0_axi_periph/xbar/inst/gen_samd.crossbar_samd/aresetn_d                                                                                                            |                2 |              4 |         2.00 |
|  design_1_i/zynq_ultra_ps_e_0/inst/pl_clk0 | design_1_i/ps8_0_axi_periph/xbar/inst/gen_samd.crossbar_samd/gen_slave_slots[0].gen_si_write.si_transactor_aw/gen_multi_thread.arbiter_resp_inst/gen_multi_thread.accept_cnt_reg[1][0]                     | design_1_i/ps8_0_axi_periph/xbar/inst/gen_samd.crossbar_samd/aresetn_d                                                                                                            |                1 |              4 |         4.00 |
|  design_1_i/zynq_ultra_ps_e_0/inst/pl_clk0 | design_1_i/ps8_0_axi_periph/xbar/inst/gen_samd.crossbar_samd/addr_arbiter_ar/gen_master_slots[0].r_issuing_cnt_reg[2][0]                                                                                   | design_1_i/ps8_0_axi_periph/xbar/inst/gen_samd.crossbar_samd/aresetn_d                                                                                                            |                1 |              4 |         4.00 |
|  design_1_i/zynq_ultra_ps_e_0/inst/pl_clk0 | design_1_i/ps8_0_axi_periph/xbar/inst/gen_samd.crossbar_samd/addr_arbiter_ar/E[0]                                                                                                                          | design_1_i/ps8_0_axi_periph/xbar/inst/gen_samd.crossbar_samd/aresetn_d                                                                                                            |                1 |              4 |         4.00 |
|  design_1_i/zynq_ultra_ps_e_0/inst/pl_clk0 | design_1_i/ps8_0_axi_periph/xbar/inst/gen_samd.crossbar_samd/addr_arbiter_aw/gen_master_slots[0].w_issuing_cnt_reg[2][0]                                                                                   | design_1_i/ps8_0_axi_periph/xbar/inst/gen_samd.crossbar_samd/aresetn_d                                                                                                            |                3 |              4 |         1.33 |
|  design_1_i/zynq_ultra_ps_e_0/inst/pl_clk0 | design_1_i/ps8_0_axi_periph/xbar/inst/gen_samd.crossbar_samd/gen_slave_slots[0].gen_si_read.si_transactor_ar/gen_multi_thread.arbiter_resp_inst/gen_no_arbiter.s_ready_i_reg[0]_3[0]                       | design_1_i/ps8_0_axi_periph/xbar/inst/gen_samd.crossbar_samd/aresetn_d                                                                                                            |                2 |              4 |         2.00 |
|  design_1_i/zynq_ultra_ps_e_0/inst/pl_clk0 | design_1_i/ps8_0_axi_periph/xbar/inst/gen_samd.crossbar_samd/gen_slave_slots[0].gen_si_read.si_transactor_ar/gen_multi_thread.arbiter_resp_inst/gen_no_arbiter.s_ready_i_reg[0]_6[0]                       | design_1_i/ps8_0_axi_periph/xbar/inst/gen_samd.crossbar_samd/aresetn_d                                                                                                            |                1 |              4 |         4.00 |
|  design_1_i/zynq_ultra_ps_e_0/inst/pl_clk0 | design_1_i/ps8_0_axi_periph/xbar/inst/gen_samd.crossbar_samd/gen_slave_slots[0].gen_si_read.si_transactor_ar/gen_multi_thread.arbiter_resp_inst/gen_no_arbiter.s_ready_i_reg[0]_1[0]                       | design_1_i/ps8_0_axi_periph/xbar/inst/gen_samd.crossbar_samd/aresetn_d                                                                                                            |                2 |              4 |         2.00 |
|  design_1_i/zynq_ultra_ps_e_0/inst/pl_clk0 | design_1_i/ps8_0_axi_periph/xbar/inst/gen_samd.crossbar_samd/gen_slave_slots[0].gen_si_read.si_transactor_ar/gen_multi_thread.arbiter_resp_inst/gen_no_arbiter.s_ready_i_reg[0]_5[0]                       | design_1_i/ps8_0_axi_periph/xbar/inst/gen_samd.crossbar_samd/aresetn_d                                                                                                            |                1 |              4 |         4.00 |
|  design_1_i/zynq_ultra_ps_e_0/inst/pl_clk0 | design_1_i/ps8_0_axi_periph/xbar/inst/gen_samd.crossbar_samd/gen_slave_slots[0].gen_si_read.si_transactor_ar/gen_multi_thread.arbiter_resp_inst/gen_no_arbiter.s_ready_i_reg[0]_4[0]                       | design_1_i/ps8_0_axi_periph/xbar/inst/gen_samd.crossbar_samd/aresetn_d                                                                                                            |                2 |              4 |         2.00 |
|  design_1_i/zynq_ultra_ps_e_0/inst/pl_clk0 | design_1_i/ps8_0_axi_periph/xbar/inst/gen_samd.crossbar_samd/gen_slave_slots[0].gen_si_read.si_transactor_ar/gen_multi_thread.arbiter_resp_inst/gen_no_arbiter.s_ready_i_reg[0]_0[0]                       | design_1_i/ps8_0_axi_periph/xbar/inst/gen_samd.crossbar_samd/aresetn_d                                                                                                            |                1 |              4 |         4.00 |
|  design_1_i/zynq_ultra_ps_e_0/inst/pl_clk0 | design_1_i/axi_fifo_mm_s_0/U0/gaxif.COMP_AXI4/axi_wr_fsm/axi_wr_fsm/s_axi4_wvalid_0[0]                                                                                                                     | design_1_i/axi_fifo_mm_s_0/U0/COMP_IPIC2AXI_S/gtxd.COMP_TXD_FIFO/gfifo_gen.COMP_AXIS_FG_FIFO/SR[0]                                                                                |                1 |              5 |         5.00 |
|  design_1_i/zynq_ultra_ps_e_0/inst/pl_clk0 |                                                                                                                                                                                                            | design_1_i/axi_fifo_mm_s_0/U0/COMP_IPIC2AXI_S/grxd.COMP_rx_len_fifo/xpm_fifo_base_inst/xpm_fifo_rst_inst/Q[0]                                                                     |                3 |              5 |         1.67 |
|  design_1_i/zynq_ultra_ps_e_0/inst/pl_clk0 | design_1_i/ps8_0_axi_periph/m00_couplers/auto_pc/inst/gen_axilite.gen_b2s_conv.axilite_b2s/RD.r_channel_0/rd_data_fifo_0/cnt_read[4]_i_1_n_0                                                               | design_1_i/ps8_0_axi_periph/m00_couplers/auto_pc/inst/gen_axilite.gen_b2s_conv.axilite_b2s/areset_d1                                                                              |                1 |              5 |         5.00 |
|  design_1_i/zynq_ultra_ps_e_0/inst/pl_clk0 | design_1_i/ps8_0_axi_periph/m00_couplers/auto_pc/inst/gen_axilite.gen_b2s_conv.axilite_b2s/RD.r_channel_0/transaction_fifo_0/cnt_read[4]_i_1__0_n_0                                                        | design_1_i/ps8_0_axi_periph/m00_couplers/auto_pc/inst/gen_axilite.gen_b2s_conv.axilite_b2s/areset_d1                                                                              |                3 |              5 |         1.67 |
|  design_1_i/zynq_ultra_ps_e_0/inst/pl_clk0 |                                                                                                                                                                                                            | design_1_i/ps8_0_axi_periph/m00_couplers/auto_pc/inst/gen_axilite.gen_b2s_conv.axilite_b2s/areset_d1                                                                              |                3 |              6 |         2.00 |
|  design_1_i/zynq_ultra_ps_e_0/inst/pl_clk0 |                                                                                                                                                                                                            | design_1_i/ps8_0_axi_periph/xbar/inst/gen_samd.crossbar_samd/gen_master_slots[1].reg_slice_mi/b.b_pipe/aresetn_d_reg[1]_0                                                         |                3 |              6 |         2.00 |
|  design_1_i/zynq_ultra_ps_e_0/inst/pl_clk0 |                                                                                                                                                                                                            | design_1_i/ps8_0_axi_periph/xbar/inst/gen_samd.crossbar_samd/gen_master_slots[1].reg_slice_mi/b.b_pipe/aresetn_d_reg_n_0_[0]                                                      |                3 |              6 |         2.00 |
|  design_1_i/zynq_ultra_ps_e_0/inst/pl_clk0 | design_1_i/rst_ps8_0_99M/U0/SEQ/seq_cnt_en                                                                                                                                                                 | design_1_i/rst_ps8_0_99M/U0/SEQ/seq_clr                                                                                                                                           |                2 |              6 |         3.00 |
|  design_1_i/zynq_ultra_ps_e_0/inst/pl_clk0 | design_1_i/axi_fifo_mm_s_0/U0/COMP_IPIF/I_SLAVE_ATTACHMENT/start2_i_1_n_0                                                                                                                                  | design_1_i/axi_fifo_mm_s_0/U0/COMP_IPIF/I_SLAVE_ATTACHMENT/rst_0                                                                                                                  |                3 |              6 |         2.00 |
|  design_1_i/zynq_ultra_ps_e_0/inst/pl_clk0 | design_1_i/ps8_0_axi_periph/m00_couplers/auto_pc/inst/gen_axilite.gen_b2s_conv.axilite_b2s/WR.aw_channel_0/aw_cmd_fsm_0/E[0]                                                                               |                                                                                                                                                                                   |                3 |              7 |         2.33 |
|  design_1_i/zynq_ultra_ps_e_0/inst/pl_clk0 | design_1_i/ps8_0_axi_periph/m00_couplers/auto_pc/inst/gen_axilite.gen_b2s_conv.axilite_b2s/WR.aw_channel_0/aw_cmd_fsm_0/sel_first_reg_1[0]                                                                 |                                                                                                                                                                                   |                4 |              7 |         1.75 |
|  design_1_i/zynq_ultra_ps_e_0/inst/pl_clk0 | design_1_i/ps8_0_axi_periph/m00_couplers/auto_pc/inst/gen_axilite.gen_b2s_conv.axilite_b2s/RD.ar_channel_0/ar_cmd_fsm_0/sel_first_reg[0]                                                                   |                                                                                                                                                                                   |                3 |              7 |         2.33 |
|  design_1_i/zynq_ultra_ps_e_0/inst/pl_clk0 | design_1_i/ps8_0_axi_periph/m00_couplers/auto_pc/inst/gen_axilite.gen_b2s_conv.axilite_b2s/RD.ar_channel_0/ar_cmd_fsm_0/E[0]                                                                               |                                                                                                                                                                                   |                4 |              7 |         1.75 |
|  design_1_i/zynq_ultra_ps_e_0/inst/pl_clk0 | design_1_i/ps8_0_axi_periph/xbar/inst/gen_samd.crossbar_samd/gen_decerr_slave.decerr_slave_inst/gen_axi.read_cnt[7]_i_1_n_0                                                                                | design_1_i/ps8_0_axi_periph/xbar/inst/gen_samd.crossbar_samd/aresetn_d                                                                                                            |                2 |              8 |         4.00 |
|  design_1_i/zynq_ultra_ps_e_0/inst/pl_clk0 |                                                                                                                                                                                                            | design_1_i/axi_fifo_mm_s_0/U0/COMP_IPIF/I_SLAVE_ATTACHMENT/rst_0                                                                                                                  |                3 |              8 |         2.67 |
|  design_1_i/zynq_ultra_ps_e_0/inst/pl_clk0 | design_1_i/ps8_0_axi_periph/m00_couplers/auto_pc/inst/gen_axilite.gen_b2s_conv.axilite_b2s/WR.b_channel_0/mhandshake_r                                                                                     | design_1_i/ps8_0_axi_periph/m00_couplers/auto_pc/inst/gen_axilite.gen_b2s_conv.axilite_b2s/WR.b_channel_0/bid_fifo_0/SR[0]                                                        |                2 |              8 |         4.00 |
|  design_1_i/zynq_ultra_ps_e_0/inst/pl_clk0 | design_1_i/axi_fifo_mm_s_0/U0/gaxif.COMP_AXI4/axi_wr_fsm/axi_wr_fsm/FSM_sequential_gaxi_full_sm.present_state_reg[0]_0[0]                                                                                  | design_1_i/axi_fifo_mm_s_0/U0/COMP_IPIC2AXI_S/gtxd.COMP_TXD_FIFO/gfifo_gen.COMP_AXIS_FG_FIFO/sync_areset_n_reg_0[0]                                                               |                2 |              8 |         4.00 |
|  design_1_i/zynq_ultra_ps_e_0/inst/pl_clk0 | design_1_i/axi_fifo_mm_s_0/U0/gaxif.COMP_AXI4/axi_rd_sm/axi_read_fsm/E[0]                                                                                                                                  | design_1_i/axi_fifo_mm_s_0/U0/COMP_IPIC2AXI_S/gtxd.COMP_TXD_FIFO/gfifo_gen.COMP_AXIS_FG_FIFO/sync_areset_n_reg_0[0]                                                               |                3 |              8 |         2.67 |
|  design_1_i/zynq_ultra_ps_e_0/inst/pl_clk0 | design_1_i/axi_fifo_mm_s_0/U0/gaxif.COMP_AXI4/axi_rd_sm/axi_read_fsm/FSM_sequential_gaxi_full_sm.present_state_reg[0]_0[0]                                                                                 | design_1_i/axi_fifo_mm_s_0/U0/COMP_IPIC2AXI_S/gtxd.COMP_TXD_FIFO/gfifo_gen.COMP_AXIS_FG_FIFO/sync_areset_n_reg_0[0]                                                               |                5 |              8 |         1.60 |
|  design_1_i/zynq_ultra_ps_e_0/inst/pl_clk0 | design_1_i/axi_fifo_mm_s_0/U0/gaxif.COMP_AXI4/axi_rd_sm/axi_read_fsm/s_axi4_arready                                                                                                                        | design_1_i/axi_fifo_mm_s_0/U0/COMP_IPIC2AXI_S/gtxd.COMP_TXD_FIFO/gfifo_gen.COMP_AXIS_FG_FIFO/sync_areset_n_reg_0[0]                                                               |                4 |              8 |         2.00 |
|  design_1_i/zynq_ultra_ps_e_0/inst/pl_clk0 |                                                                                                                                                                                                            | design_1_i/ps8_0_axi_periph/xbar/inst/gen_samd.crossbar_samd/aresetn_d                                                                                                            |                7 |             10 |         1.43 |
|  design_1_i/zynq_ultra_ps_e_0/inst/pl_clk0 |                                                                                                                                                                                                            | design_1_i/axi_fifo_mm_s_0/U0/COMP_IPIC2AXI_S/gtxd.COMP_TXD_FIFO/gfifo_gen.COMP_AXIS_FG_FIFO/SR[0]                                                                                |                4 |             11 |         2.75 |
|  design_1_i/zynq_ultra_ps_e_0/inst/pl_clk0 |                                                                                                                                                                                                            | design_1_i/axi_fifo_mm_s_0/U0/COMP_IPIC2AXI_S/gtxd.COMP_TXD_FIFO/gfifo_gen.COMP_AXIS_FG_FIFO/sync_areset_n_reg_0[0]                                                               |                7 |             12 |         1.71 |
|  design_1_i/zynq_ultra_ps_e_0/inst/pl_clk0 | design_1_i/axi_fifo_mm_s_0/U0/COMP_IPIC2AXI_S/grxd.COMP_rx_len_fifo/xpm_fifo_base_inst/rdp_inst/enb                                                                                                        | design_1_i/axi_fifo_mm_s_0/U0/COMP_IPIC2AXI_S/grxd.COMP_rx_len_fifo/xpm_fifo_base_inst/xpm_fifo_rst_inst/Q[0]                                                                     |                4 |             14 |         3.50 |
|  design_1_i/zynq_ultra_ps_e_0/inst/pl_clk0 | design_1_i/axi_fifo_mm_s_0/U0/COMP_IPIC2AXI_S/grxd.COMP_rx_len_fifo/xpm_fifo_base_inst/xpm_fifo_rst_inst/E[0]                                                                                              | design_1_i/axi_fifo_mm_s_0/U0/COMP_IPIC2AXI_S/grxd.COMP_rx_len_fifo/xpm_fifo_base_inst/xpm_fifo_rst_inst/Q[0]                                                                     |                4 |             14 |         3.50 |
|  design_1_i/zynq_ultra_ps_e_0/inst/pl_clk0 | design_1_i/ps8_0_axi_periph/xbar/inst/gen_samd.crossbar_samd/gen_master_slots[2].reg_slice_mi/b.b_pipe/E[0]                                                                                                |                                                                                                                                                                                   |                5 |             16 |         3.20 |
|  design_1_i/zynq_ultra_ps_e_0/inst/pl_clk0 | design_1_i/axi_fifo_mm_s_0/U0/COMP_IPIC2AXI_S/gtxd.COMP_TXD_FIFO/gfifo_gen.COMP_AXIS_FG_FIFO/gen_pntr_flags_cc.gen_full_rst_val.ram_full_n_reg[0]                                                          |                                                                                                                                                                                   |                2 |             16 |         8.00 |
|  design_1_i/zynq_ultra_ps_e_0/inst/pl_clk0 | design_1_i/ps8_0_axi_periph/xbar/inst/gen_samd.crossbar_samd/gen_decerr_slave.decerr_slave_inst/gen_axi.s_axi_bid_i[15]_i_1_n_0                                                                            | design_1_i/ps8_0_axi_periph/xbar/inst/gen_samd.crossbar_samd/aresetn_d                                                                                                            |                4 |             16 |         4.00 |
|  design_1_i/zynq_ultra_ps_e_0/inst/pl_clk0 | design_1_i/ps8_0_axi_periph/xbar/inst/gen_samd.crossbar_samd/gen_decerr_slave.decerr_slave_inst/gen_axi.s_axi_rid_i[15]_i_1_n_0                                                                            | design_1_i/ps8_0_axi_periph/xbar/inst/gen_samd.crossbar_samd/aresetn_d                                                                                                            |                6 |             16 |         2.67 |
|  design_1_i/zynq_ultra_ps_e_0/inst/pl_clk0 | design_1_i/ps8_0_axi_periph/xbar/inst/gen_samd.crossbar_samd/gen_master_slots[1].reg_slice_mi/b.b_pipe/E[0]                                                                                                |                                                                                                                                                                                   |                7 |             16 |         2.29 |
|  design_1_i/zynq_ultra_ps_e_0/inst/pl_clk0 | design_1_i/ps8_0_axi_periph/xbar/inst/gen_samd.crossbar_samd/gen_master_slots[2].reg_slice_mi/r.r_pipe/s_ready_i_reg_0                                                                                     |                                                                                                                                                                                   |                4 |             17 |         4.25 |
|  design_1_i/zynq_ultra_ps_e_0/inst/pl_clk0 | design_1_i/ps8_0_axi_periph/m00_couplers/auto_pc/inst/gen_axilite.gen_b2s_conv.axilite_b2s/SI_REG/b.b_pipe/s_ready_i_reg_0                                                                                 |                                                                                                                                                                                   |                5 |             17 |         3.40 |
|  design_1_i/zynq_ultra_ps_e_0/inst/pl_clk0 | design_1_i/axi_fifo_mm_s_0/U0/COMP_IPIF/I_SLAVE_ATTACHMENT/I_DECODER/GEN_BKEND_CE_REGISTERS[3].ce_out_i_reg[3]_0[0]                                                                                        | design_1_i/rst_ps8_0_99M/U0/peripheral_aresetn[0]                                                                                                                                 |                5 |             17 |         3.40 |
|  design_1_i/zynq_ultra_ps_e_0/inst/pl_clk0 | design_1_i/ps8_0_axi_periph/m00_couplers/auto_pc/inst/gen_axilite.gen_b2s_conv.axilite_b2s/SI_REG/b.b_pipe/p_1_in                                                                                          |                                                                                                                                                                                   |                5 |             17 |         3.40 |
|  design_1_i/zynq_ultra_ps_e_0/inst/pl_clk0 | design_1_i/ps8_0_axi_periph/m00_couplers/auto_pc/inst/gen_axilite.gen_b2s_conv.axilite_b2s/RD.r_channel_0/r_push_r                                                                                         |                                                                                                                                                                                   |                4 |             17 |         4.25 |
|  design_1_i/zynq_ultra_ps_e_0/inst/pl_clk0 | design_1_i/ps8_0_axi_periph/xbar/inst/gen_samd.crossbar_samd/gen_master_slots[0].reg_slice_mi/b.b_pipe/E[0]                                                                                                |                                                                                                                                                                                   |                6 |             17 |         2.83 |
|  design_1_i/zynq_ultra_ps_e_0/inst/pl_clk0 | design_1_i/ps8_0_axi_periph/xbar/inst/gen_samd.crossbar_samd/gen_master_slots[2].reg_slice_mi/r.r_pipe/p_1_in_0                                                                                            |                                                                                                                                                                                   |                4 |             17 |         4.25 |
|  design_1_i/zynq_ultra_ps_e_0/inst/pl_clk0 | design_1_i/ps8_0_axi_periph/xbar/inst/gen_samd.crossbar_samd/gen_slave_slots[0].gen_si_read.si_transactor_ar/gen_multi_thread.cmd_push_7                                                                   | design_1_i/ps8_0_axi_periph/xbar/inst/gen_samd.crossbar_samd/aresetn_d                                                                                                            |                5 |             18 |         3.60 |
|  design_1_i/zynq_ultra_ps_e_0/inst/pl_clk0 | design_1_i/ps8_0_axi_periph/xbar/inst/gen_samd.crossbar_samd/gen_slave_slots[0].gen_si_read.si_transactor_ar/gen_multi_thread.cmd_push_5                                                                   | design_1_i/ps8_0_axi_periph/xbar/inst/gen_samd.crossbar_samd/aresetn_d                                                                                                            |                4 |             18 |         4.50 |
|  design_1_i/zynq_ultra_ps_e_0/inst/pl_clk0 | design_1_i/ps8_0_axi_periph/xbar/inst/gen_samd.crossbar_samd/gen_slave_slots[0].gen_si_read.si_transactor_ar/gen_multi_thread.cmd_push_4                                                                   | design_1_i/ps8_0_axi_periph/xbar/inst/gen_samd.crossbar_samd/aresetn_d                                                                                                            |                6 |             18 |         3.00 |
|  design_1_i/zynq_ultra_ps_e_0/inst/pl_clk0 | design_1_i/ps8_0_axi_periph/xbar/inst/gen_samd.crossbar_samd/gen_slave_slots[0].gen_si_read.si_transactor_ar/gen_multi_thread.cmd_push_6                                                                   | design_1_i/ps8_0_axi_periph/xbar/inst/gen_samd.crossbar_samd/aresetn_d                                                                                                            |                5 |             18 |         3.60 |
|  design_1_i/zynq_ultra_ps_e_0/inst/pl_clk0 | design_1_i/ps8_0_axi_periph/xbar/inst/gen_samd.crossbar_samd/gen_slave_slots[0].gen_si_read.si_transactor_ar/gen_multi_thread.cmd_push_0                                                                   | design_1_i/ps8_0_axi_periph/xbar/inst/gen_samd.crossbar_samd/aresetn_d                                                                                                            |                6 |             18 |         3.00 |
|  design_1_i/zynq_ultra_ps_e_0/inst/pl_clk0 | design_1_i/ps8_0_axi_periph/xbar/inst/gen_samd.crossbar_samd/gen_slave_slots[0].gen_si_read.si_transactor_ar/gen_multi_thread.cmd_push_1                                                                   | design_1_i/ps8_0_axi_periph/xbar/inst/gen_samd.crossbar_samd/aresetn_d                                                                                                            |                4 |             18 |         4.50 |
|  design_1_i/zynq_ultra_ps_e_0/inst/pl_clk0 | design_1_i/ps8_0_axi_periph/xbar/inst/gen_samd.crossbar_samd/gen_slave_slots[0].gen_si_read.si_transactor_ar/gen_multi_thread.cmd_push_2                                                                   | design_1_i/ps8_0_axi_periph/xbar/inst/gen_samd.crossbar_samd/aresetn_d                                                                                                            |                5 |             18 |         3.60 |
|  design_1_i/zynq_ultra_ps_e_0/inst/pl_clk0 | design_1_i/ps8_0_axi_periph/xbar/inst/gen_samd.crossbar_samd/gen_slave_slots[0].gen_si_write.si_transactor_aw/gen_multi_thread.cmd_push_0                                                                  | design_1_i/ps8_0_axi_periph/xbar/inst/gen_samd.crossbar_samd/aresetn_d                                                                                                            |                7 |             18 |         2.57 |
|  design_1_i/zynq_ultra_ps_e_0/inst/pl_clk0 | design_1_i/ps8_0_axi_periph/xbar/inst/gen_samd.crossbar_samd/gen_slave_slots[0].gen_si_write.si_transactor_aw/gen_multi_thread.cmd_push_5                                                                  | design_1_i/ps8_0_axi_periph/xbar/inst/gen_samd.crossbar_samd/aresetn_d                                                                                                            |                5 |             18 |         3.60 |
|  design_1_i/zynq_ultra_ps_e_0/inst/pl_clk0 | design_1_i/ps8_0_axi_periph/xbar/inst/gen_samd.crossbar_samd/gen_slave_slots[0].gen_si_write.si_transactor_aw/gen_multi_thread.cmd_push_7                                                                  | design_1_i/ps8_0_axi_periph/xbar/inst/gen_samd.crossbar_samd/aresetn_d                                                                                                            |                4 |             18 |         4.50 |
|  design_1_i/zynq_ultra_ps_e_0/inst/pl_clk0 | design_1_i/ps8_0_axi_periph/xbar/inst/gen_samd.crossbar_samd/gen_slave_slots[0].gen_si_write.si_transactor_aw/gen_multi_thread.cmd_push_3                                                                  | design_1_i/ps8_0_axi_periph/xbar/inst/gen_samd.crossbar_samd/aresetn_d                                                                                                            |                4 |             18 |         4.50 |
|  design_1_i/zynq_ultra_ps_e_0/inst/pl_clk0 | design_1_i/ps8_0_axi_periph/xbar/inst/gen_samd.crossbar_samd/gen_slave_slots[0].gen_si_write.si_transactor_aw/gen_multi_thread.cmd_push_6                                                                  | design_1_i/ps8_0_axi_periph/xbar/inst/gen_samd.crossbar_samd/aresetn_d                                                                                                            |                5 |             18 |         3.60 |
|  design_1_i/zynq_ultra_ps_e_0/inst/pl_clk0 | design_1_i/ps8_0_axi_periph/xbar/inst/gen_samd.crossbar_samd/gen_slave_slots[0].gen_si_write.si_transactor_aw/gen_multi_thread.cmd_push_2                                                                  | design_1_i/ps8_0_axi_periph/xbar/inst/gen_samd.crossbar_samd/aresetn_d                                                                                                            |                4 |             18 |         4.50 |
|  design_1_i/zynq_ultra_ps_e_0/inst/pl_clk0 | design_1_i/ps8_0_axi_periph/xbar/inst/gen_samd.crossbar_samd/gen_slave_slots[0].gen_si_write.si_transactor_aw/gen_multi_thread.cmd_push_4                                                                  | design_1_i/ps8_0_axi_periph/xbar/inst/gen_samd.crossbar_samd/aresetn_d                                                                                                            |                6 |             18 |         3.00 |
|  design_1_i/zynq_ultra_ps_e_0/inst/pl_clk0 | design_1_i/ps8_0_axi_periph/xbar/inst/gen_samd.crossbar_samd/gen_slave_slots[0].gen_si_write.si_transactor_aw/gen_multi_thread.cmd_push_1                                                                  | design_1_i/ps8_0_axi_periph/xbar/inst/gen_samd.crossbar_samd/aresetn_d                                                                                                            |                4 |             18 |         4.50 |
|  design_1_i/zynq_ultra_ps_e_0/inst/pl_clk0 | design_1_i/ps8_0_axi_periph/xbar/inst/gen_samd.crossbar_samd/gen_slave_slots[0].gen_si_read.si_transactor_ar/gen_multi_thread.cmd_push_3                                                                   | design_1_i/ps8_0_axi_periph/xbar/inst/gen_samd.crossbar_samd/aresetn_d                                                                                                            |                3 |             18 |         6.00 |
|  design_1_i/zynq_ultra_ps_e_0/inst/pl_clk0 | design_1_i/axi_fifo_mm_s_0/U0/COMP_IPIC2AXI_S/grxd.COMP_RX_FIFO/gfifo_gen.COMP_AXIS_FG_FIFO/grxd.rx_str_wr_en                                                                                              | design_1_i/axi_fifo_mm_s_0/U0/COMP_IPIC2AXI_S/grxd.COMP_RX_FIFO/gfifo_gen.COMP_AXIS_FG_FIFO/grxd.rx_len_wr_en_reg                                                                 |                4 |             19 |         4.75 |
|  design_1_i/zynq_ultra_ps_e_0/inst/pl_clk0 | design_1_i/axi_fifo_mm_s_0/U0/COMP_IPIC2AXI_S/grxd.COMP_RX_FIFO/gfifo_gen.COMP_AXIS_FG_FIFO/COMP_FIFO/xpm_fifo_base_inst/xpm_fifo_rst_inst/ram_wr_en_pf                                                    | design_1_i/axi_fifo_mm_s_0/U0/COMP_IPIC2AXI_S/grxd.COMP_RX_FIFO/gfifo_gen.COMP_AXIS_FG_FIFO/COMP_FIFO/xpm_fifo_base_inst/xpm_fifo_rst_inst/Q[0]                                   |                5 |             19 |         3.80 |
|  design_1_i/zynq_ultra_ps_e_0/inst/pl_clk0 | design_1_i/ps8_0_axi_periph/m00_couplers/auto_pc/inst/gen_axilite.gen_b2s_conv.axilite_b2s/RD.ar_channel_0/ar_cmd_fsm_0/m_valid_i_reg[0]                                                                   |                                                                                                                                                                                   |                8 |             19 |         2.38 |
|  design_1_i/zynq_ultra_ps_e_0/inst/pl_clk0 | design_1_i/axi_fifo_mm_s_0/U0/COMP_IPIC2AXI_S/grxd.COMP_RX_FIFO/gfifo_gen.COMP_AXIS_FG_FIFO/COMP_FIFO/xpm_fifo_base_inst/rdp_inst/FSM_sequential_gen_fwft.curr_fwft_state_reg[1]                           | design_1_i/axi_fifo_mm_s_0/U0/COMP_IPIC2AXI_S/grxd.COMP_RX_FIFO/gfifo_gen.COMP_AXIS_FG_FIFO/COMP_FIFO/xpm_fifo_base_inst/xpm_fifo_rst_inst/Q[0]                                   |                5 |             19 |         3.80 |
|  design_1_i/zynq_ultra_ps_e_0/inst/pl_clk0 | design_1_i/ps8_0_axi_periph/m00_couplers/auto_pc/inst/gen_axilite.gen_b2s_conv.axilite_b2s/WR.aw_channel_0/aw_cmd_fsm_0/m_valid_i_reg[0]                                                                   |                                                                                                                                                                                   |                7 |             19 |         2.71 |
|  design_1_i/zynq_ultra_ps_e_0/inst/pl_clk0 | design_1_i/axi_fifo_mm_s_0/U0/gaxif.COMP_AXI4/axi_wr_fsm/axi_wr_fsm/p_0_in1_out                                                                                                                            |                                                                                                                                                                                   |                2 |             20 |        10.00 |
|  design_1_i/zynq_ultra_ps_e_0/inst/pl_clk0 | design_1_i/axi_fifo_mm_s_0/U0/COMP_IPIC2AXI_S/grxd.COMP_rx_len_fifo/xpm_fifo_base_inst/gen_fwft.ram_regout_en                                                                                              | design_1_i/axi_fifo_mm_s_0/U0/COMP_IPIC2AXI_S/grxd.COMP_rx_len_fifo/xpm_fifo_base_inst/xpm_fifo_rst_inst/Q[0]                                                                     |                4 |             20 |         5.00 |
|  design_1_i/zynq_ultra_ps_e_0/inst/pl_clk0 | design_1_i/axi_fifo_mm_s_0/U0/COMP_IPIF/I_SLAVE_ATTACHMENT/start2_reg_0                                                                                                                                    | design_1_i/axi_fifo_mm_s_0/U0/COMP_IPIC2AXI_S/cs_ce_clr                                                                                                                           |                5 |             21 |         4.20 |
|  design_1_i/zynq_ultra_ps_e_0/inst/pl_clk0 | design_1_i/axi_fifo_mm_s_0/U0/COMP_IPIC2AXI_S/gtxd.COMP_TXD_FIFO/gfifo_gen.COMP_AXIS_FG_FIFO/COMP_FIFO/xpm_fifo_base_inst/rdp_inst/FSM_sequential_gen_fwft.curr_fwft_state_reg[1]                          | design_1_i/axi_fifo_mm_s_0/U0/COMP_IPIC2AXI_S/gtxd.COMP_TXD_FIFO/gfifo_gen.COMP_AXIS_FG_FIFO/COMP_FIFO/xpm_fifo_base_inst/xpm_fifo_rst_inst/gen_rst_cc.fifo_wr_rst_cc_reg[2]_0[0] |                8 |             21 |         2.62 |
|  design_1_i/zynq_ultra_ps_e_0/inst/pl_clk0 | design_1_i/ps8_0_axi_periph/m00_couplers/auto_pc/inst/gen_axilite.gen_b2s_conv.axilite_b2s/WR.aw_channel_0/aw_cmd_fsm_0/cnt_read_reg[0]                                                                    |                                                                                                                                                                                   |                2 |             24 |        12.00 |
|  design_1_i/zynq_ultra_ps_e_0/inst/pl_clk0 | design_1_i/axi_fifo_mm_s_0/U0/COMP_IPIC2AXI_S/grxd.COMP_rx_len_fifo/xpm_fifo_base_inst/gen_sdpram.xpm_memory_base_inst/gen_wr_a.gen_word_narrow.mem_reg_0_63_7_13_i_1_n_0                                  |                                                                                                                                                                                   |                3 |             24 |         8.00 |
|  design_1_i/zynq_ultra_ps_e_0/inst/pl_clk0 | design_1_i/axi_fifo_mm_s_0/U0/COMP_IPIC2AXI_S/grxd.COMP_rx_len_fifo/xpm_fifo_base_inst/gen_sdpram.xpm_memory_base_inst/gen_wr_a.gen_word_narrow.mem_reg_64_127_7_13_i_1_n_0                                |                                                                                                                                                                                   |                3 |             24 |         8.00 |
|  design_1_i/zynq_ultra_ps_e_0/inst/pl_clk0 | design_1_i/axi_fifo_mm_s_0/U0/gaxif.COMP_AXI4/axi_wr_fsm/axi_wr_fsm/sig_axi_wr_en                                                                                                                          | design_1_i/axi_fifo_mm_s_0/U0/COMP_IPIC2AXI_S/gtxd.sig_txd_packet_size[0]_i_1_n_0                                                                                                 |                4 |             31 |         7.75 |
|  design_1_i/zynq_ultra_ps_e_0/inst/pl_clk0 |                                                                                                                                                                                                            | design_1_i/rst_ps8_0_99M/U0/peripheral_aresetn[0]                                                                                                                                 |               15 |             31 |         2.07 |
|  design_1_i/zynq_ultra_ps_e_0/inst/pl_clk0 | design_1_i/axi_fifo_mm_s_0/U0/COMP_IPIC2AXI_S/gtxd.COMP_TXD_FIFO/gfifo_gen.COMP_AXIS_FG_FIFO/COMP_FIFO/xpm_fifo_base_inst/xpm_fifo_rst_inst/ram_wr_en_pf                                                   | design_1_i/axi_fifo_mm_s_0/U0/COMP_IPIC2AXI_S/gtxd.COMP_TXD_FIFO/gfifo_gen.COMP_AXIS_FG_FIFO/COMP_FIFO/xpm_fifo_base_inst/xpm_fifo_rst_inst/gen_rst_cc.fifo_wr_rst_cc_reg[2]_0[0] |               11 |             31 |         2.82 |
|  design_1_i/zynq_ultra_ps_e_0/inst/pl_clk0 | design_1_i/axi_fifo_mm_s_0/U0/gaxif.COMP_AXI4/axi_wr_fsm/axi_wr_fsm/s_axi4_wvalid_1[0]                                                                                                                     | design_1_i/axi_fifo_mm_s_0/U0/COMP_IPIC2AXI_S/gtxd.COMP_TXD_FIFO/gfifo_gen.COMP_AXIS_FG_FIFO/SR[0]                                                                                |                5 |             32 |         6.40 |
|  design_1_i/zynq_ultra_ps_e_0/inst/pl_clk0 | design_1_i/axi_fifo_mm_s_0/U0/COMP_IPIC2AXI_S/gtxd.COMP_TXD_FIFO/gfifo_gen.COMP_AXIS_FG_FIFO/COMP_FIFO/gaxis_pkt_fifo_cc.axis_pkt_cnt[0]_i_1_n_0                                                           | design_1_i/axi_fifo_mm_s_0/U0/COMP_IPIC2AXI_S/gtxd.COMP_TXD_FIFO/gfifo_gen.COMP_AXIS_FG_FIFO/COMP_FIFO/gaxis_rst_sync.xpm_cdc_sync_rst_inst/syncstages_ff[3]                      |                4 |             32 |         8.00 |
|  design_1_i/zynq_ultra_ps_e_0/inst/pl_clk0 | design_1_i/ps8_0_axi_periph/m00_couplers/auto_pc/inst/gen_axilite.gen_b2s_conv.axilite_b2s/RD.r_channel_0/rd_data_fifo_0/wr_en0                                                                            |                                                                                                                                                                                   |                6 |             33 |         5.50 |
|  design_1_i/zynq_ultra_ps_e_0/inst/pl_clk0 | design_1_i/axi_fifo_mm_s_0/U0/COMP_IPIF/I_SLAVE_ATTACHMENT/s_axi_rresp_i                                                                                                                                   | design_1_i/axi_fifo_mm_s_0/U0/COMP_IPIF/I_SLAVE_ATTACHMENT/rst_0                                                                                                                  |               11 |             33 |         3.00 |
|  design_1_i/zynq_ultra_ps_e_0/inst/pl_clk0 | design_1_i/ps8_0_axi_periph/m00_couplers/auto_pc/inst/gen_axilite.gen_b2s_conv.axilite_b2s/SI_REG/aw.aw_pipe/s_ready_i_reg_0                                                                               |                                                                                                                                                                                   |                8 |             35 |         4.38 |
|  design_1_i/zynq_ultra_ps_e_0/inst/pl_clk0 | design_1_i/ps8_0_axi_periph/m00_couplers/auto_pc/inst/gen_axilite.gen_b2s_conv.axilite_b2s/WR.aw_channel_0/aw_cmd_fsm_0/m_valid_i_reg_0[0]                                                                 |                                                                                                                                                                                   |                8 |             35 |         4.38 |
|  design_1_i/zynq_ultra_ps_e_0/inst/pl_clk0 | design_1_i/ps8_0_axi_periph/m00_couplers/auto_pc/inst/gen_axilite.gen_b2s_conv.axilite_b2s/RD.ar_channel_0/ar_cmd_fsm_0/m_valid_i_reg_0[0]                                                                 |                                                                                                                                                                                   |               11 |             35 |         3.18 |
|  design_1_i/zynq_ultra_ps_e_0/inst/pl_clk0 |                                                                                                                                                                                                            | design_1_i/axi_fifo_mm_s_0/U0/COMP_IPIF/I_SLAVE_ATTACHMENT/I_DECODER/MEM_DECODE_GEN[0].cs_out_i_reg[0]_1                                                                          |               18 |             35 |         1.94 |
|  design_1_i/zynq_ultra_ps_e_0/inst/pl_clk0 | design_1_i/ps8_0_axi_periph/m00_couplers/auto_pc/inst/gen_axilite.gen_b2s_conv.axilite_b2s/SI_REG/ar.ar_pipe/s_ready_i_reg_0                                                                               |                                                                                                                                                                                   |               11 |             35 |         3.18 |
|  design_1_i/zynq_ultra_ps_e_0/inst/pl_clk0 |                                                                                                                                                                                                            | design_1_i/axi_fifo_mm_s_0/U0/COMP_IPIC2AXI_S/grxd.COMP_RX_FIFO/gfifo_gen.COMP_AXIS_FG_FIFO/COMP_FIFO/xpm_fifo_base_inst/xpm_fifo_rst_inst/Q[0]                                   |               11 |             40 |         3.64 |
|  design_1_i/zynq_ultra_ps_e_0/inst/pl_clk0 | design_1_i/axi_fifo_mm_s_0/U0/COMP_IPIC2AXI_S/grxd.COMP_rx_len_fifo/xpm_fifo_base_inst/rdp_inst/enb                                                                                                        |                                                                                                                                                                                   |                6 |             41 |         6.83 |
|  design_1_i/zynq_ultra_ps_e_0/inst/pl_clk0 |                                                                                                                                                                                                            | design_1_i/axi_fifo_mm_s_0/U0/COMP_IPIC2AXI_S/gtxd.COMP_TXD_FIFO/gfifo_gen.COMP_AXIS_FG_FIFO/COMP_FIFO/xpm_fifo_base_inst/xpm_fifo_rst_inst/gen_rst_cc.fifo_wr_rst_cc_reg[2]_0[0] |               11 |             43 |         3.91 |
|  design_1_i/zynq_ultra_ps_e_0/inst/pl_clk0 | design_1_i/ps8_0_axi_periph/xbar/inst/gen_samd.crossbar_samd/gen_master_slots[1].reg_slice_mi/r.r_pipe/s_ready_i_reg_0                                                                                     |                                                                                                                                                                                   |               12 |             49 |         4.08 |
|  design_1_i/zynq_ultra_ps_e_0/inst/pl_clk0 | design_1_i/ps8_0_axi_periph/xbar/inst/gen_samd.crossbar_samd/gen_slave_slots[0].gen_si_read.si_transactor_ar/gen_multi_thread.arbiter_resp_inst/chosen_reg[1]_0[0]                                         |                                                                                                                                                                                   |               12 |             49 |         4.08 |
|  design_1_i/zynq_ultra_ps_e_0/inst/pl_clk0 | design_1_i/ps8_0_axi_periph/m00_couplers/auto_pc/inst/gen_axilite.gen_b2s_conv.axilite_b2s/SI_REG/r.r_pipe/si_rs_rready                                                                                    |                                                                                                                                                                                   |               10 |             50 |         5.00 |
|  design_1_i/zynq_ultra_ps_e_0/inst/pl_clk0 | design_1_i/ps8_0_axi_periph/m00_couplers/auto_pc/inst/gen_axilite.gen_b2s_conv.axilite_b2s/SI_REG/r.r_pipe/p_1_in                                                                                          |                                                                                                                                                                                   |               10 |             50 |         5.00 |
|  design_1_i/zynq_ultra_ps_e_0/inst/pl_clk0 | design_1_i/ps8_0_axi_periph/xbar/inst/gen_samd.crossbar_samd/gen_slave_slots[0].gen_si_read.si_transactor_ar/gen_multi_thread.arbiter_resp_inst/chosen_reg[0]_0[0]                                         |                                                                                                                                                                                   |               14 |             50 |         3.57 |
|  design_1_i/zynq_ultra_ps_e_0/inst/pl_clk0 | design_1_i/ps8_0_axi_periph/xbar/inst/gen_samd.crossbar_samd/gen_master_slots[0].reg_slice_mi/r.r_pipe/s_ready_i_reg_0                                                                                     |                                                                                                                                                                                   |               13 |             50 |         3.85 |
|  design_1_i/zynq_ultra_ps_e_0/inst/pl_clk0 | design_1_i/ps8_0_axi_periph/xbar/inst/gen_samd.crossbar_samd/addr_arbiter_aw/p_1_in                                                                                                                        | design_1_i/ps8_0_axi_periph/xbar/inst/gen_samd.crossbar_samd/aresetn_d                                                                                                            |               13 |             60 |         4.62 |
|  design_1_i/zynq_ultra_ps_e_0/inst/pl_clk0 | design_1_i/ps8_0_axi_periph/xbar/inst/gen_samd.crossbar_samd/addr_arbiter_ar/p_1_in                                                                                                                        | design_1_i/ps8_0_axi_periph/xbar/inst/gen_samd.crossbar_samd/aresetn_d                                                                                                            |               14 |             60 |         4.29 |
|  design_1_i/zynq_ultra_ps_e_0/inst/pl_clk0 |                                                                                                                                                                                                            |                                                                                                                                                                                   |               58 |            157 |         2.71 |
+--------------------------------------------+------------------------------------------------------------------------------------------------------------------------------------------------------------------------------------------------------------+-----------------------------------------------------------------------------------------------------------------------------------------------------------------------------------+------------------+----------------+--------------+


